{"name": "test_add_group[None:name0Yx3<55y:headerWq)#8t <f:footer;b-T]", "status": "failed", "statusDetails": {"message": "AssertionError: assert [144:nameq{\"@...KkGIT/8h, ...] == [144:nameq{\"@;...KkGIT/8h, ...]\n  At index 45 diff: None:name0Yx3<55y:headerWq)#8t <f:footer;b-T != 191:name0Yx3:headerWq)#8t <f:footer;b-T\n  Use -v to get the full diff", "trace": "app = <fixture.application.Application object at 0x03DC33F0>, db = <fixture.db.DbFixture object at 0x03DAD430>\njson_groups = None:name0Yx3<55y:headerWq)#8t <f:footer;b-T, check_ui = False\n\n    def test_add_group(app, db, json_groups, check_ui):\n        group = json_groups\n        def clean(group):\n            return Group(id = group.id, name = group.name.strip())\n        old_groups = db.get_group_list()\n        app.group.create(group)\n        new_groups = db.get_group_list()\n        old_groups.append(group)\n>       assert sorted(old_groups, key=Group.id_or_max) == sorted(new_groups, key=Group.id_or_max)\nE       assert [144:nameq{\"@...KkGIT/8h, ...] == [144:nameq{\"@;...KkGIT/8h, ...]\nE         At index 45 diff: None:name0Yx3<55y:headerWq)#8t <f:footer;b-T != 191:name0Yx3:headerWq)#8t <f:footer;b-T\nE         Use -v to get the full diff\n\ntests\\test_add_group.py:14: AssertionError"}, "parameters": [{"name": "json_groups", "value": "None:name0Yx3<55y:headerWq)#8t <f:footer;b-T"}], "start": 1565119204687, "stop": 1565119206423, "uuid": "30a8c9d3-ee7c-4221-951c-d681c9a2a709", "historyId": "c38e64c09141fd9bb3c54337e9cd7a07", "fullName": "tests.test_add_group#test_add_group[None:name0Yx3<55y:headerWq)#8t <f:footer;b-T]", "labels": [{"name": "parentSuite", "value": "tests"}, {"name": "suite", "value": "test_add_group"}, {"name": "subSuite"}, {"name": "host", "value": "DESKTOP-BHVF5N9"}, {"name": "thread", "value": "10972-MainThread"}, {"name": "framework", "value": "pytest"}, {"name": "language", "value": "cpython3"}, {"name": "package", "value": "tests.test_add_group"}]}